<?xml version="1.0" encoding="UTF-8"?>
<!-- Generated by org.testng.reporters.JUnitReportReporter -->
<testsuite hostname="TYSS-Chandana-M" failures="0" tests="3" name="testng_practice.ToUnderstand_Priority" time="0.012" errors="0" timestamp="2024-02-17T07:27:49 IST" skipped="0">
  <testcase classname="testng_practice.ToUnderstand_Priority" name="m3" time="0.009">
    <system-out>
      <![CDATA[from m3]]>
    </system-out>
  </testcase> <!-- m3 -->
  <testcase classname="testng_practice.ToUnderstand_Priority" name="m2" time="0.002">
    <system-out>
      <![CDATA[from m2]]>
    </system-out>
  </testcase> <!-- m2 -->
  <testcase classname="testng_practice.ToUnderstand_Priority" name="m1" time="0.001">
    <system-out>
      <![CDATA[from m1]]>
    </system-out>
  </testcase> <!-- m1 -->
  <system-out>
    <![CDATA[from m3
from m2
from m1]]>
  </system-out>
</testsuite> <!-- testng_practice.ToUnderstand_Priority -->
