<?xml version="1.0" encoding="UTF-8"?>
<!-- Generated by org.testng.reporters.JUnitReportReporter -->
<testsuite hostname="TYSS-Chandana-M" failures="0" tests="1" name="assertion.DWS_01" time="4.227" errors="0" timestamp="2024-02-22T08:05:31 IST" skipped="0">
  <testcase classname="assertion.DWS_01" name="DWS" time="4.227"/>
</testsuite> <!-- assertion.DWS_01 -->
