<?xml version="1.0" encoding="UTF-8"?>
<!-- Generated by org.testng.reporters.JUnitReportReporter -->
<testsuite hostname="TYSS-Chandana-M" failures="0" tests="1" name="batch_execution.TC_06" time="7.771" errors="0" timestamp="2024-02-19T08:42:48 IST" skipped="0">
  <testcase classname="batch_execution.TC_06" name="launch_Flipkart" time="7.771"/>
</testsuite> <!-- batch_execution.TC_06 -->
