<?xml version="1.0" encoding="UTF-8"?>
<!-- Generated by org.testng.reporters.JUnitReportReporter -->
<testsuite hostname="TYSS-Chandana-M" failures="0" tests="3" name="testng_helper_attributes.ToUnderstand_Groups" time="0.010" errors="0" timestamp="2024-02-19T07:50:42 IST" skipped="0">
  <testcase classname="testng_helper_attributes.ToUnderstand_Groups" name="TC_03" time="0.001">
    <system-out>
      <![CDATA[From TC_03]]>
    </system-out>
  </testcase> <!-- TC_03 -->
  <testcase classname="testng_helper_attributes.ToUnderstand_Groups" name="TC_01" time="0.008">
    <system-out>
      <![CDATA[From TC_01]]>
    </system-out>
  </testcase> <!-- TC_01 -->
  <testcase classname="testng_helper_attributes.ToUnderstand_Groups" name="TC_02" time="0.001">
    <system-out>
      <![CDATA[From TC_02]]>
    </system-out>
  </testcase> <!-- TC_02 -->
  <system-out>
    <![CDATA[From TC_01
From TC_02
From TC_03]]>
  </system-out>
</testsuite> <!-- testng_helper_attributes.ToUnderstand_Groups -->
