<?xml version="1.0" encoding="UTF-8"?>
<!-- Generated by org.testng.reporters.JUnitReportReporter -->
<testsuite hostname="TYSS-Chandana-M" failures="0" tests="1" name="itestlistener.TestScript_01" time="0.615" errors="0" timestamp="2024-03-02T13:54:58 IST" skipped="0">
  <testcase classname="itestlistener.TestScript_01" name="scrip_01" time="0.615">
    <system-out>
      <![CDATA[Execution Started
test script_01
Execution Success]]>
    </system-out>
  </testcase> <!-- scrip_01 -->
  <system-out>
    <![CDATA[Execution Started
test script_01
Execution Success]]>
  </system-out>
</testsuite> <!-- itestlistener.TestScript_01 -->
