<?xml version="1.0" encoding="UTF-8"?>
<!-- Generated by org.testng.reporters.JUnitReportReporter -->
<testsuite hostname="TYSS-Chandana-M" failures="0" tests="1" name="cross_browser_execution.TC_08" time="13.589" errors="0" timestamp="2024-02-21T12:28:55 IST" skipped="0">
  <testcase classname="cross_browser_execution.TC_08" name="launch_Wow" time="13.589">
    <system-out>
      <![CDATA[From Wow]]>
    </system-out>
  </testcase> <!-- launch_Wow -->
  <system-out>
    <![CDATA[From Lakme
From MamaEarth
From Amazon
From Wow
From Flipkart
From Meesho
From Vivo
From Oppo]]>
  </system-out>
</testsuite> <!-- cross_browser_execution.TC_08 -->
