<?xml version="1.0" encoding="UTF-8"?>
<!-- Generated by org.testng.reporters.JUnitReportReporter -->
<testsuite hostname="TYSS-Chandana-M" failures="0" tests="1" name="parallel_execution.TC_02" time="17.534" errors="0" timestamp="2024-02-20T08:22:21 IST" skipped="0">
  <testcase classname="parallel_execution.TC_02" name="launch_Vivo" time="17.534">
    <system-out>
      <![CDATA[From Vivo]]>
    </system-out>
  </testcase> <!-- launch_Vivo -->
  <system-out>
    <![CDATA[From Oppo
From Mi
From Lakme
From Flipkart
From Vivo
From Amazon
From Meesho
From MamaEarth
From Wow]]>
  </system-out>
</testsuite> <!-- parallel_execution.TC_02 -->
