<?xml version="1.0" encoding="UTF-8"?>
<!-- Generated by org.testng.reporters.JUnitReportReporter -->
<testsuite hostname="TYSS-Chandana-M" failures="0" tests="3" name="dataprovider.Basic" time="0.011" errors="0" timestamp="2024-02-23T07:59:08 IST" skipped="0">
  <testcase classname="dataprovider.Basic" name="info_of_mock" time="0.001">
    <system-out>
      <![CDATA[cde
selenium
2]]>
    </system-out>
  </testcase> <!-- info_of_mock -->
  <testcase classname="dataprovider.Basic" name="info_of_mock" time="0.008">
    <system-out>
      <![CDATA[abc
selenium
1]]>
    </system-out>
  </testcase> <!-- info_of_mock -->
  <testcase classname="dataprovider.Basic" name="info_of_mock" time="0.002">
    <system-out>
      <![CDATA[def
selenium
2]]>
    </system-out>
  </testcase> <!-- info_of_mock -->
  <system-out>
    <![CDATA[abc
selenium
1
cde
selenium
2
def
selenium
2]]>
  </system-out>
</testsuite> <!-- dataprovider.Basic -->
