<?xml version="1.0" encoding="UTF-8"?>
<!-- Generated by org.testng.reporters.JUnitReportReporter -->
<testsuite hostname="TYSS-Chandana-M" failures="0" tests="1" name="testng_practice.ToUnderStand_ThreadPoolSize" time="9.949" errors="0" timestamp="2024-02-17T08:28:16 IST" skipped="0">
  <testcase classname="testng_practice.ToUnderStand_ThreadPoolSize" name="launch_DWS" time="9.949"/>
</testsuite> <!-- testng_practice.ToUnderStand_ThreadPoolSize -->
