<?xml version="1.0" encoding="UTF-8"?>
<!-- Generated by org.testng.reporters.JUnitReportReporter -->
<testsuite hostname="TYSS-Chandana-M" failures="0" tests="3" name="testng_practice.ToUnderstandMethods" time="0.013" errors="0" timestamp="2024-02-16T08:56:05 IST" skipped="0">
  <testcase classname="testng_practice.ToUnderstandMethods" name="m1" time="0.002">
    <system-out>
      <![CDATA[from m1]]>
    </system-out>
  </testcase> <!-- m1 -->
  <testcase classname="testng_practice.ToUnderstandMethods" name="m2" time="0.001">
    <system-out>
      <![CDATA[from m2]]>
    </system-out>
  </testcase> <!-- m2 -->
  <testcase classname="testng_practice.ToUnderstandMethods" name="m0" time="0.010">
    <system-out>
      <![CDATA[from m0]]>
    </system-out>
  </testcase> <!-- m0 -->
  <system-out>
    <![CDATA[from m0
from m1
from m2]]>
  </system-out>
</testsuite> <!-- testng_practice.ToUnderstandMethods -->
