<?xml version="1.0" encoding="UTF-8"?>
<!-- Generated by org.testng.reporters.JUnitReportReporter -->
<testsuite hostname="TYSS-Chandana-M" failures="0" tests="1" name="cross_browser_execution.TC_01" time="54.637" errors="0" timestamp="2024-02-21T13:02:47 IST" skipped="0">
  <testcase classname="cross_browser_execution.TC_01" name="launch_Mi" time="54.637">
    <system-out>
      <![CDATA[From Mi]]>
    </system-out>
  </testcase> <!-- launch_Mi -->
  <system-out>
    <![CDATA[From Mi]]>
  </system-out>
</testsuite> <!-- cross_browser_execution.TC_01 -->
