<?xml version="1.0" encoding="UTF-8"?>
<!-- Generated by org.testng.reporters.JUnitReportReporter -->
<testsuite hostname="TYSS-Chandana-M" failures="0" tests="6" name="testng_practice.ToUnderstand_InvocationCount" time="0.015" errors="0" timestamp="2024-02-17T08:02:34 IST" skipped="0">
  <testcase classname="testng_practice.ToUnderstand_InvocationCount" name="m1" time="0.001">
    <system-out>
      <![CDATA[from m1
***********]]>
    </system-out>
  </testcase> <!-- m1 -->
  <testcase classname="testng_practice.ToUnderstand_InvocationCount" name="m1" time="0.001">
    <system-out>
      <![CDATA[from m1
***********]]>
    </system-out>
  </testcase> <!-- m1 -->
  <testcase classname="testng_practice.ToUnderstand_InvocationCount" name="m1" time="0.001">
    <system-out>
      <![CDATA[from m1
***********]]>
    </system-out>
  </testcase> <!-- m1 -->
  <testcase classname="testng_practice.ToUnderstand_InvocationCount" name="m1" time="0.009">
    <system-out>
      <![CDATA[from m1
***********]]>
    </system-out>
  </testcase> <!-- m1 -->
  <testcase classname="testng_practice.ToUnderstand_InvocationCount" name="m1" time="0.001">
    <system-out>
      <![CDATA[from m1
***********]]>
    </system-out>
  </testcase> <!-- m1 -->
  <testcase classname="testng_practice.ToUnderstand_InvocationCount" name="m3" time="0.002">
    <system-out>
      <![CDATA[from m3]]>
    </system-out>
  </testcase> <!-- m3 -->
  <system-out>
    <![CDATA[from m1
***********
from m1
***********
from m1
***********
from m1
***********
from m1
***********
from m3]]>
  </system-out>
</testsuite> <!-- testng_practice.ToUnderstand_InvocationCount -->
