<?xml version="1.0" encoding="UTF-8"?>
<!-- Generated by org.testng.reporters.JUnitReportReporter -->
<testsuite hostname="TYSS-Chandana-M" failures="0" tests="1" name="batch_execution.TC_05" time="7.936" errors="0" timestamp="2024-02-19T08:42:48 IST" skipped="0">
  <testcase classname="batch_execution.TC_05" name="launch_Meesho" time="7.936"/>
</testsuite> <!-- batch_execution.TC_05 -->
