<?xml version="1.0" encoding="UTF-8"?>
<!-- Generated by org.testng.reporters.JUnitReportReporter -->
<testsuite hostname="TYSS-Chandana-M" failures="0" tests="3" name="testng_practice.ToUnderstand_Enabled" time="0.012" errors="0" timestamp="2024-02-17T07:52:32 IST" skipped="1">
  <testcase classname="testng_practice.ToUnderstand_Enabled" name="m3" time="0.010">
    <system-out>
      <![CDATA[from m3]]>
    </system-out>
  </testcase> <!-- m3 -->
  <testcase classname="testng_practice.ToUnderstand_Enabled" name="m1" time="0.002">
    <system-out>
      <![CDATA[from m1
***********]]>
    </system-out>
  </testcase> <!-- m1 -->
  <testcase classname="testng_practice.ToUnderstand_Enabled" name="m2">
    <skipped/>
  </testcase> <!-- m2 -->
  <system-out>
    <![CDATA[from m3
from m1
***********]]>
  </system-out>
</testsuite> <!-- testng_practice.ToUnderstand_Enabled -->
