<?xml version="1.0" encoding="UTF-8"?>
<!-- Generated by org.testng.reporters.JUnitReportReporter -->
<testsuite hostname="TYSS-Chandana-M" failures="0" tests="1" name="parallel_execution.TC_03" time="13.705" errors="0" timestamp="2024-02-20T08:22:21 IST" skipped="0">
  <testcase classname="parallel_execution.TC_03" name="launch_Oppo" time="13.705">
    <system-out>
      <![CDATA[From Oppo]]>
    </system-out>
  </testcase> <!-- launch_Oppo -->
  <system-out>
    <![CDATA[From Oppo
From Mi
From Lakme
From Flipkart
From Vivo
From Amazon
From Meesho
From MamaEarth
From Wow]]>
  </system-out>
</testsuite> <!-- parallel_execution.TC_03 -->
