<?xml version="1.0" encoding="UTF-8"?>
<!-- Generated by org.testng.reporters.JUnitReportReporter -->
<testsuite hostname="TYSS-Chandana-M" failures="0" tests="1" name="testng_configuration_annotation.TestScript_02" time="6.770" errors="0" timestamp="2024-02-20T09:14:34 IST" skipped="0">
  <testcase classname="testng_configuration_annotation.TestScript_02" name="method_01" time="6.770">
    <system-out>
      <![CDATA[from test script-02]]>
    </system-out>
  </testcase> <!-- method_01 -->
  <system-out>
    <![CDATA[from before class
from before method
from test script-01
from after method
from before method
from test script-02
from after method
from afterclass
from before class
from before method
from test script-02
from after method
from afterclass]]>
  </system-out>
</testsuite> <!-- testng_configuration_annotation.TestScript_02 -->
