<?xml version="1.0" encoding="UTF-8"?>
<!-- Generated by org.testng.reporters.JUnitReportReporter -->
<testsuite hostname="TYSS-Chandana-M" failures="0" tests="1" name="group_execution.TC_08" time="20.839" errors="0" timestamp="2024-02-22T07:40:18 IST" skipped="0">
  <testcase classname="group_execution.TC_08" name="launch_Wow" time="20.839">
    <system-out>
      <![CDATA[From Wow]]>
    </system-out>
  </testcase> <!-- launch_Wow -->
  <system-out>
    <![CDATA[From MamaEarth
From Vivo
From Oppo
From Wow
From Mi
From Lakme]]>
  </system-out>
</testsuite> <!-- group_execution.TC_08 -->
