<?xml version="1.0" encoding="UTF-8"?>
<!-- Generated by org.testng.reporters.JUnitReportReporter -->
<testsuite hostname="TYSS-Chandana-M" failures="0" tests="1" name="testng_configuration_annotation.TestScript_01" time="6.918" errors="0" timestamp="2024-02-29T12:08:49 IST" skipped="0">
  <testcase classname="testng_configuration_annotation.TestScript_01" name="method_01" time="6.918">
    <system-out>
      <![CDATA[from test script-01]]>
    </system-out>
  </testcase> <!-- method_01 -->
  <system-out>
    <![CDATA[from before class
from before method
from test script-01
from after method
from afterclass]]>
  </system-out>
</testsuite> <!-- testng_configuration_annotation.TestScript_01 -->
