<?xml version="1.0" encoding="UTF-8"?>
<!-- Generated by org.testng.reporters.JUnitReportReporter -->
<testsuite hostname="TYSS-Chandana-M" failures="0" tests="1" name="cross_browser_execution.TC_04" time="13.864" errors="0" timestamp="2024-02-21T12:28:55 IST" skipped="0">
  <testcase classname="cross_browser_execution.TC_04" name="launch_Amazon" time="13.864">
    <system-out>
      <![CDATA[From Amazon]]>
    </system-out>
  </testcase> <!-- launch_Amazon -->
  <system-out>
    <![CDATA[From Lakme
From MamaEarth
From Amazon
From Wow
From Flipkart
From Meesho
From Vivo
From Oppo]]>
  </system-out>
</testsuite> <!-- cross_browser_execution.TC_04 -->
