<?xml version="1.0" encoding="UTF-8"?>
<!-- Generated by org.testng.reporters.JUnitReportReporter -->
<testsuite hostname="TYSS-Chandana-M" failures="0" tests="1" name="group_execution.TC_07" time="32.976" errors="0" timestamp="2024-02-22T07:40:18 IST" skipped="0">
  <testcase classname="group_execution.TC_07" name="launch_Lakme" time="32.976">
    <system-out>
      <![CDATA[From Lakme]]>
    </system-out>
  </testcase> <!-- launch_Lakme -->
  <system-out>
    <![CDATA[From MamaEarth
From Vivo
From Oppo
From Wow
From Mi
From Lakme]]>
  </system-out>
</testsuite> <!-- group_execution.TC_07 -->
