<?xml version="1.0" encoding="UTF-8"?>
<!-- Generated by org.testng.reporters.JUnitReportReporter -->
<testsuite hostname="TYSS-Chandana-M" failures="0" tests="2" name="testng_helper_attributes.ToUnderstand_AlwaysRun" time="0.012" errors="0" timestamp="2024-02-17T18:11:50 IST" skipped="0">
  <testcase classname="testng_helper_attributes.ToUnderstand_AlwaysRun" name="m3" time="0.001">
    <system-out>
      <![CDATA[from m3]]>
    </system-out>
  </testcase> <!-- m3 -->
  <testcase classname="testng_helper_attributes.ToUnderstand_AlwaysRun" name="m1" time="0.011">
    <system-out>
      <![CDATA[from m1
***********]]>
    </system-out>
  </testcase> <!-- m1 -->
  <system-out>
    <![CDATA[from m1
***********
from m3]]>
  </system-out>
</testsuite> <!-- testng_helper_attributes.ToUnderstand_AlwaysRun -->
