<?xml version="1.0" encoding="UTF-8"?>
<!-- Generated by org.testng.reporters.JUnitReportReporter -->
<testsuite hostname="TYSS-Chandana-M" failures="0" tests="1" name="group_execution.TC_02" time="19.323" errors="0" timestamp="2024-02-22T07:40:18 IST" skipped="0">
  <testcase classname="group_execution.TC_02" name="launch_Vivo" time="19.323">
    <system-out>
      <![CDATA[From Vivo]]>
    </system-out>
  </testcase> <!-- launch_Vivo -->
  <system-out>
    <![CDATA[From MamaEarth
From Vivo
From Oppo
From Wow
From Mi
From Lakme]]>
  </system-out>
</testsuite> <!-- group_execution.TC_02 -->
