<?xml version="1.0" encoding="UTF-8"?>
<!-- Generated by org.testng.reporters.JUnitReportReporter -->
<testsuite hostname="TYSS-Chandana-M" failures="0" tests="1" name="testng_practice.ToCheckTestNG" time="0.008" errors="0" timestamp="2024-02-16T08:32:40 IST" skipped="0">
  <testcase classname="testng_practice.ToCheckTestNG" name="m" time="0.008">
    <system-out>
      <![CDATA[hi testng!
hi testng!]]>
    </system-out>
  </testcase> <!-- m -->
  <system-out>
    <![CDATA[hi testng!
hi testng!]]>
  </system-out>
</testsuite> <!-- testng_practice.ToCheckTestNG -->
