<?xml version="1.0" encoding="UTF-8"?>
<!-- Generated by org.testng.reporters.JUnitReportReporter -->
<testsuite hostname="TYSS-Chandana-M" failures="0" tests="1" name="group_execution.TC_05" time="8.778" errors="0" timestamp="2024-02-22T07:45:55 IST" skipped="0">
  <testcase classname="group_execution.TC_05" name="launch_Meesho" time="8.778">
    <system-out>
      <![CDATA[From Meesho]]>
    </system-out>
  </testcase> <!-- launch_Meesho -->
  <system-out>
    <![CDATA[From Meesho
From Flipkart]]>
  </system-out>
</testsuite> <!-- group_execution.TC_05 -->
